Build started 2014.05.20. 1:26:45.
     1>Project "C:\Documents and Settings\Peti\dokumentumok\visual studio 2010\Projects\Galeria\Galeria\Galeria.vcxproj" on node 2 (build target(s)).
     1>InitializeBuildStatus:
         Creating "Debug\Galeria.unsuccessfulbuild" because "AlwaysCreate" was specified.
       ClCompile:
         d:\Program Files\Microsoft Visual Studio 10.0\VC\bin\CL.exe /c /ZI /nologo /W3 /WX- /Od /Oy- /D _MBCS /Gm /EHsc /RTC1 /MDd /GS /fp:precise /Zc:wchar_t /Zc:forScope /Fo"Debug\\" /Fd"Debug\vc100.pdb" /Gd /TP /analyze- /errorReport:prompt Galeria.cpp
         Galeria.cpp
     1>c:\documents and settings\peti\dokumentumok\visual studio 2010\projects\galeria\galeria\galeria.cpp(2294): warning C4305: 'argument' : truncation from 'double' to 'GLfloat'
     1>c:\documents and settings\peti\dokumentumok\visual studio 2010\projects\galeria\galeria\galeria.cpp(2331): warning C4305: 'argument' : truncation from 'double' to 'GLfloat'
     1>c:\documents and settings\peti\dokumentumok\visual studio 2010\projects\galeria\galeria\galeria.cpp(1158): warning C4715: 'LoadGLTextures' : not all control paths return a value
       Link:
         d:\Program Files\Microsoft Visual Studio 10.0\VC\bin\link.exe /ERRORREPORT:PROMPT /OUT:"C:\Documents and Settings\Peti\dokumentumok\visual studio 2010\Projects\Galeria\Debug\Galeria.exe" /NOLOGO OpenGL32.lib freeglut.lib kernel32.lib user32.lib gdi32.lib winspool.lib comdlg32.lib advapi32.lib shell32.lib ole32.lib oleaut32.lib uuid.lib odbc32.lib odbccp32.lib /MANIFEST /ManifestFile:"Debug\Galeria.exe.intermediate.manifest" /MANIFESTUAC:"level='asInvoker' uiAccess='false'" /DEBUG /PDB:"C:\Documents and Settings\Peti\dokumentumok\visual studio 2010\Projects\Galeria\Debug\Galeria.pdb" /SUBSYSTEM:WINDOWS /TLBID:1 /ENTRY:"mainCRTStartup" /DYNAMICBASE /NXCOMPAT /IMPLIB:"C:\Documents and Settings\Peti\dokumentumok\visual studio 2010\Projects\Galeria\Debug\Galeria.lib" /MACHINE:X86 Debug\Galeria.obj
         SOIL.lib
         SOIL.lib(SOIL.obj) : MSIL .netmodule or module compiled with /GL found; restarting link with /LTCG; add /LTCG to the link command line to improve linker performance
     1>LINK : warning LNK4098: defaultlib 'MSVCRT' conflicts with use of other libs; use /NODEFAULTLIB:library
         Generating code
         Finished generating code
     1>SOIL.lib(SOIL.obj) : warning LNK4099: PDB 'vc100.pdb' was not found with 'SOIL.lib(SOIL.obj)' or at 'C:\Documents and Settings\Peti\dokumentumok\visual studio 2010\Projects\Galeria\Debug\vc100.pdb'; linking object as if no debug info
     1>SOIL.lib(stb_image_aug.obj) : warning LNK4099: PDB 'vc100.pdb' was not found with 'SOIL.lib(stb_image_aug.obj)' or at 'C:\Documents and Settings\Peti\dokumentumok\visual studio 2010\Projects\Galeria\Debug\vc100.pdb'; linking object as if no debug info
     1>SOIL.lib(image_helper.obj) : warning LNK4099: PDB 'vc100.pdb' was not found with 'SOIL.lib(image_helper.obj)' or at 'C:\Documents and Settings\Peti\dokumentumok\visual studio 2010\Projects\Galeria\Debug\vc100.pdb'; linking object as if no debug info
     1>SOIL.lib(image_DXT.obj) : warning LNK4099: PDB 'vc100.pdb' was not found with 'SOIL.lib(image_DXT.obj)' or at 'C:\Documents and Settings\Peti\dokumentumok\visual studio 2010\Projects\Galeria\Debug\vc100.pdb'; linking object as if no debug info
         Galeria.vcxproj -> C:\Documents and Settings\Peti\dokumentumok\visual studio 2010\Projects\Galeria\Debug\Galeria.exe
       Manifest:
         C:\Program Files\Microsoft SDKs\Windows\v7.0A\bin\mt.exe /nologo /verbose /outputresource:"C:\Documents and Settings\Peti\dokumentumok\visual studio 2010\Projects\Galeria\Debug\Galeria.exe;#1" /manifest Debug\Galeria.exe.intermediate.manifest
       FinalizeBuildStatus:
         Deleting file "Debug\Galeria.unsuccessfulbuild".
         Touching "Debug\Galeria.lastbuildstate".
     1>Done Building Project "C:\Documents and Settings\Peti\dokumentumok\visual studio 2010\Projects\Galeria\Galeria\Galeria.vcxproj" (build target(s)).

Build succeeded.

Time Elapsed 00:00:03.53
