C:\DOCUMENTS AND SETTINGS\PETI\DOKUMENTUMOK\VISUAL STUDIO 2010\PROJECTS\GALERIA\DEBUG\GALERIA.EXE
C:\DOCUMENTS AND SETTINGS\PETI\DOKUMENTUMOK\VISUAL STUDIO 2010\PROJECTS\GALERIA\DEBUG\GALERIA.ILK
C:\DOCUMENTS AND SETTINGS\PETI\DOKUMENTUMOK\VISUAL STUDIO 2010\PROJECTS\GALERIA\DEBUG\GALERIA.PDB
C:\Documents and Settings\Peti\dokumentumok\visual studio 2010\Projects\Galeria\Galeria\Debug\cl.command.1.tlog
C:\Documents and Settings\Peti\dokumentumok\visual studio 2010\Projects\Galeria\Galeria\Debug\CL.read.1.tlog
C:\Documents and Settings\Peti\dokumentumok\visual studio 2010\Projects\Galeria\Galeria\Debug\CL.write.1.tlog
C:\DOCUMENTS AND SETTINGS\PETI\DOKUMENTUMOK\VISUAL STUDIO 2010\PROJECTS\GALERIA\GALERIA\DEBUG\GALERIA.EXE.INTERMEDIATE.MANIFEST
C:\DOCUMENTS AND SETTINGS\PETI\DOKUMENTUMOK\VISUAL STUDIO 2010\PROJECTS\GALERIA\GALERIA\DEBUG\GALERIA.OBJ
C:\Documents and Settings\Peti\dokumentumok\visual studio 2010\Projects\Galeria\Galeria\Debug\link.1188.read.1.tlog
C:\Documents and Settings\Peti\dokumentumok\visual studio 2010\Projects\Galeria\Galeria\Debug\link.1188.write.1.tlog
C:\Documents and Settings\Peti\dokumentumok\visual studio 2010\Projects\Galeria\Galeria\Debug\link.1412.read.1.tlog
C:\Documents and Settings\Peti\dokumentumok\visual studio 2010\Projects\Galeria\Galeria\Debug\link.1412.write.1.tlog
C:\Documents and Settings\Peti\dokumentumok\visual studio 2010\Projects\Galeria\Galeria\Debug\link.2288.read.1.tlog
C:\Documents and Settings\Peti\dokumentumok\visual studio 2010\Projects\Galeria\Galeria\Debug\link.2288.write.1.tlog
C:\Documents and Settings\Peti\dokumentumok\visual studio 2010\Projects\Galeria\Galeria\Debug\link.2828.read.1.tlog
C:\Documents and Settings\Peti\dokumentumok\visual studio 2010\Projects\Galeria\Galeria\Debug\link.2828.write.1.tlog
C:\Documents and Settings\Peti\dokumentumok\visual studio 2010\Projects\Galeria\Galeria\Debug\link.2940.read.1.tlog
C:\Documents and Settings\Peti\dokumentumok\visual studio 2010\Projects\Galeria\Galeria\Debug\link.2940.write.1.tlog
C:\Documents and Settings\Peti\dokumentumok\visual studio 2010\Projects\Galeria\Galeria\Debug\link.3144.read.1.tlog
C:\Documents and Settings\Peti\dokumentumok\visual studio 2010\Projects\Galeria\Galeria\Debug\link.3144.write.1.tlog
C:\Documents and Settings\Peti\dokumentumok\visual studio 2010\Projects\Galeria\Galeria\Debug\link.4068.read.1.tlog
C:\Documents and Settings\Peti\dokumentumok\visual studio 2010\Projects\Galeria\Galeria\Debug\link.4068.write.1.tlog
C:\Documents and Settings\Peti\dokumentumok\visual studio 2010\Projects\Galeria\Galeria\Debug\link.4116.read.1.tlog
C:\Documents and Settings\Peti\dokumentumok\visual studio 2010\Projects\Galeria\Galeria\Debug\link.4116.write.1.tlog
C:\Documents and Settings\Peti\dokumentumok\visual studio 2010\Projects\Galeria\Galeria\Debug\link.4256.read.1.tlog
C:\Documents and Settings\Peti\dokumentumok\visual studio 2010\Projects\Galeria\Galeria\Debug\link.4256.write.1.tlog
C:\Documents and Settings\Peti\dokumentumok\visual studio 2010\Projects\Galeria\Galeria\Debug\link.4528.read.1.tlog
C:\Documents and Settings\Peti\dokumentumok\visual studio 2010\Projects\Galeria\Galeria\Debug\link.4528.write.1.tlog
C:\Documents and Settings\Peti\dokumentumok\visual studio 2010\Projects\Galeria\Galeria\Debug\link.4540.read.1.tlog
C:\Documents and Settings\Peti\dokumentumok\visual studio 2010\Projects\Galeria\Galeria\Debug\link.4540.write.1.tlog
C:\Documents and Settings\Peti\dokumentumok\visual studio 2010\Projects\Galeria\Galeria\Debug\link.5012.read.1.tlog
C:\Documents and Settings\Peti\dokumentumok\visual studio 2010\Projects\Galeria\Galeria\Debug\link.5012.write.1.tlog
C:\Documents and Settings\Peti\dokumentumok\visual studio 2010\Projects\Galeria\Galeria\Debug\link.5040.read.1.tlog
C:\Documents and Settings\Peti\dokumentumok\visual studio 2010\Projects\Galeria\Galeria\Debug\link.5040.write.1.tlog
C:\Documents and Settings\Peti\dokumentumok\visual studio 2010\Projects\Galeria\Galeria\Debug\link.5168.read.1.tlog
C:\Documents and Settings\Peti\dokumentumok\visual studio 2010\Projects\Galeria\Galeria\Debug\link.5168.write.1.tlog
C:\Documents and Settings\Peti\dokumentumok\visual studio 2010\Projects\Galeria\Galeria\Debug\link.5352.read.1.tlog
C:\Documents and Settings\Peti\dokumentumok\visual studio 2010\Projects\Galeria\Galeria\Debug\link.5352.write.1.tlog
C:\Documents and Settings\Peti\dokumentumok\visual studio 2010\Projects\Galeria\Galeria\Debug\link.5476.read.1.tlog
C:\Documents and Settings\Peti\dokumentumok\visual studio 2010\Projects\Galeria\Galeria\Debug\link.5476.write.1.tlog
C:\Documents and Settings\Peti\dokumentumok\visual studio 2010\Projects\Galeria\Galeria\Debug\link.5516.read.1.tlog
C:\Documents and Settings\Peti\dokumentumok\visual studio 2010\Projects\Galeria\Galeria\Debug\link.5516.write.1.tlog
C:\Documents and Settings\Peti\dokumentumok\visual studio 2010\Projects\Galeria\Galeria\Debug\link.5556.read.1.tlog
C:\Documents and Settings\Peti\dokumentumok\visual studio 2010\Projects\Galeria\Galeria\Debug\link.5556.write.1.tlog
C:\Documents and Settings\Peti\dokumentumok\visual studio 2010\Projects\Galeria\Galeria\Debug\link.5644.read.1.tlog
C:\Documents and Settings\Peti\dokumentumok\visual studio 2010\Projects\Galeria\Galeria\Debug\link.5644.write.1.tlog
C:\Documents and Settings\Peti\dokumentumok\visual studio 2010\Projects\Galeria\Galeria\Debug\link.5720.read.1.tlog
C:\Documents and Settings\Peti\dokumentumok\visual studio 2010\Projects\Galeria\Galeria\Debug\link.5720.write.1.tlog
C:\Documents and Settings\Peti\dokumentumok\visual studio 2010\Projects\Galeria\Galeria\Debug\link.5904.read.1.tlog
C:\Documents and Settings\Peti\dokumentumok\visual studio 2010\Projects\Galeria\Galeria\Debug\link.5904.write.1.tlog
C:\Documents and Settings\Peti\dokumentumok\visual studio 2010\Projects\Galeria\Galeria\Debug\link.5972.read.1.tlog
C:\Documents and Settings\Peti\dokumentumok\visual studio 2010\Projects\Galeria\Galeria\Debug\link.5972.write.1.tlog
C:\Documents and Settings\Peti\dokumentumok\visual studio 2010\Projects\Galeria\Galeria\Debug\link.5984.read.1.tlog
C:\Documents and Settings\Peti\dokumentumok\visual studio 2010\Projects\Galeria\Galeria\Debug\link.5984.write.1.tlog
C:\Documents and Settings\Peti\dokumentumok\visual studio 2010\Projects\Galeria\Galeria\Debug\link.6064.read.1.tlog
C:\Documents and Settings\Peti\dokumentumok\visual studio 2010\Projects\Galeria\Galeria\Debug\link.6064.write.1.tlog
C:\Documents and Settings\Peti\dokumentumok\visual studio 2010\Projects\Galeria\Galeria\Debug\link.6116.read.1.tlog
C:\Documents and Settings\Peti\dokumentumok\visual studio 2010\Projects\Galeria\Galeria\Debug\link.6116.write.1.tlog
C:\Documents and Settings\Peti\dokumentumok\visual studio 2010\Projects\Galeria\Galeria\Debug\link.6120.read.1.tlog
C:\Documents and Settings\Peti\dokumentumok\visual studio 2010\Projects\Galeria\Galeria\Debug\link.6120.write.1.tlog
C:\Documents and Settings\Peti\dokumentumok\visual studio 2010\Projects\Galeria\Galeria\Debug\link.688.read.1.tlog
C:\Documents and Settings\Peti\dokumentumok\visual studio 2010\Projects\Galeria\Galeria\Debug\link.688.write.1.tlog
C:\Documents and Settings\Peti\dokumentumok\visual studio 2010\Projects\Galeria\Galeria\Debug\link.752.read.1.tlog
C:\Documents and Settings\Peti\dokumentumok\visual studio 2010\Projects\Galeria\Galeria\Debug\link.752.write.1.tlog
C:\Documents and Settings\Peti\dokumentumok\visual studio 2010\Projects\Galeria\Galeria\Debug\link.928.read.1.tlog
C:\Documents and Settings\Peti\dokumentumok\visual studio 2010\Projects\Galeria\Galeria\Debug\link.928.write.1.tlog
C:\Documents and Settings\Peti\dokumentumok\visual studio 2010\Projects\Galeria\Galeria\Debug\link.command.1.tlog
C:\Documents and Settings\Peti\dokumentumok\visual studio 2010\Projects\Galeria\Galeria\Debug\link.read.1.tlog
C:\Documents and Settings\Peti\dokumentumok\visual studio 2010\Projects\Galeria\Galeria\Debug\link.write.1.tlog
C:\Documents and Settings\Peti\dokumentumok\visual studio 2010\Projects\Galeria\Galeria\Debug\mt.command.1.tlog
C:\Documents and Settings\Peti\dokumentumok\visual studio 2010\Projects\Galeria\Galeria\Debug\mt.read.1.tlog
C:\Documents and Settings\Peti\dokumentumok\visual studio 2010\Projects\Galeria\Galeria\Debug\mt.write.1.tlog
C:\Documents and Settings\Peti\dokumentumok\visual studio 2010\Projects\Galeria\Galeria\Debug\vc100.idb
C:\DOCUMENTS AND SETTINGS\PETI\DOKUMENTUMOK\VISUAL STUDIO 2010\PROJECTS\GALERIA\GALERIA\DEBUG\VC100.PDB
